[INFO  - 2018-02-09T07:03:05.897Z] GhostDriver - Main - running on port 58961
[INFO  - 2018-02-09T07:03:06.949Z] Session [47a2bc00-0d67-11e8-bfda-7f408ea62e6b] - page.settings - {"XSSAuditingEnabled":false,"javascriptCanCloseWindows":true,"javascriptCanOpenWindows":true,"javascriptEnabled":true,"loadImages":true,"localToRemoteUrlAccessEnabled":false,"userAgent":"Mozilla/5.0 (Windows NT 6.2; WOW64) AppleWebKit/538.1 (KHTML, like Gecko) PhantomJS/2.1.1 Safari/538.1","webSecurityEnabled":true}
[INFO  - 2018-02-09T07:03:06.949Z] Session [47a2bc00-0d67-11e8-bfda-7f408ea62e6b] - page.customHeaders:  - {}
[INFO  - 2018-02-09T07:03:06.949Z] Session [47a2bc00-0d67-11e8-bfda-7f408ea62e6b] - Session.negotiatedCapabilities - {"browserName":"phantomjs","version":"2.1.1","driverName":"ghostdriver","driverVersion":"1.2.0","platform":"windows-10-32bit","javascriptEnabled":true,"takesScreenshot":true,"handlesAlerts":false,"databaseEnabled":false,"locationContextEnabled":false,"applicationCacheEnabled":false,"browserConnectionEnabled":false,"cssSelectorsEnabled":true,"webStorageEnabled":false,"rotatable":false,"acceptSslCerts":false,"nativeEvents":true,"proxy":{"proxyType":"direct"}}
[INFO  - 2018-02-09T07:03:06.949Z] SessionManagerReqHand - _postNewSessionCommand - New Session Created: 47a2bc00-0d67-11e8-bfda-7f408ea62e6b
[ERROR - 2018-02-09T07:03:12.753Z] Session [47a2bc00-0d67-11e8-bfda-7f408ea62e6b] - page.onError - msg: VIDEOJS: ERROR: (CODE:4 MEDIA_ERR_SRC_NOT_SUPPORTED) No compatible source was found for this video. [object Object]

  phantomjs://platform/console++.js:263 in error
[ERROR - 2018-02-09T07:03:12.754Z] Session [47a2bc00-0d67-11e8-bfda-7f408ea62e6b] - page.onError - stack:
  F (https://static.javhd.com/h5/files/js/video.js:24)

  phantomjs://platform/console++.js:263 in error
[ERROR - 2018-02-09T07:03:12.754Z] Session [47a2bc00-0d67-11e8-bfda-7f408ea62e6b] - page.onError - msg: VIDEOJS: ERROR: (CODE:4 MEDIA_ERR_SRC_NOT_SUPPORTED) No compatible source was found for this video. [object Object]

  phantomjs://platform/console++.js:263 in error
[ERROR - 2018-02-09T07:03:12.754Z] Session [47a2bc00-0d67-11e8-bfda-7f408ea62e6b] - page.onError - stack:
  F (https://static.javhd.com/h5/files/js/video.js:24)

  phantomjs://platform/console++.js:263 in error
[ERROR - 2018-02-09T07:03:12.755Z] Session [47a2bc00-0d67-11e8-bfda-7f408ea62e6b] - page.onError - msg: VIDEOJS: ERROR: (CODE:4 MEDIA_ERR_SRC_NOT_SUPPORTED) No compatible source was found for this video. [object Object]

  phantomjs://platform/console++.js:263 in error
[ERROR - 2018-02-09T07:03:12.755Z] Session [47a2bc00-0d67-11e8-bfda-7f408ea62e6b] - page.onError - stack:
  F (https://static.javhd.com/h5/files/js/video.js:24)

  phantomjs://platform/console++.js:263 in error
